(node:8000) [MONGOOSE] Warning: Duplicate schema index on {"slug":1} found. This is often due to declaring an index using both "index: true" and "schema.index()". Please remove the duplicate index definition.
(Use `node --trace-warnings ...` to show where the warning was created)
(node:8000) [MONGOOSE] Warning: Duplicate schema index on {"slug":1} found. This is often due to declaring an index using both "index: true" and "schema.index()". Please remove the duplicate index definition.
(node:8000) [MONGOOSE] Warning: Duplicate schema index on {"email":1} found. This is often due to declaring an index using both "index: true" and "schema.index()". Please remove the duplicate index definition.
(node:8000) [MONGOOSE] Warning: Duplicate schema index on {"orderNumber":1} found. This is often due to declaring an index using both "index: true" and "schema.index()". Please remove the duplicate index definition.
(node:8000) [MONGOOSE] Warning: Duplicate schema index on {"slug":1} found. This is often due to declaring an index using both "index: true" and "schema.index()". Please remove the duplicate index definition.
(node:8000) [MONGOOSE] Warning: Duplicate schema index on {"buildId":1} found. This is often due to declaring an index using both "index: true" and "schema.index()". Please remove the duplicate index definition.
(node:8000) [MONGOOSE] Warning: Duplicate schema index on {"code":1} found. This is often due to declaring an index using both "index: true" and "schema.index()". Please remove the duplicate index definition.
(node:8000) [MONGOOSE] Warning: Duplicate schema index on {"serialNumber":1} found. This is often due to declaring an index using both "index: true" and "schema.index()". Please remove the duplicate index definition.
(node:8000) [MONGOOSE] Warning: Duplicate schema index on {"creatorCode":1} found. This is often due to declaring an index using both "index: true" and "schema.index()". Please remove the duplicate index definition.
(node:8000) [MONGOOSE] Warning: Duplicate schema index on {"slug":1} found. This is often due to declaring an index using both "index: true" and "schema.index()". Please remove the duplicate index definition.
(node:8000) [MONGOOSE] Warning: Duplicate schema index on {"slug":1} found. This is often due to declaring an index using both "index: true" and "schema.index()". Please remove the duplicate index definition.
(node:8000) [MONGOOSE] Warning: Duplicate schema index on {"slug":1} found. This is often due to declaring an index using both "index: true" and "schema.index()". Please remove the duplicate index definition.
(node:8000) [MONGOOSE] Warning: Duplicate schema index on {"email":1} found. This is often due to declaring an index using both "index: true" and "schema.index()". Please remove the duplicate index definition.
(node:8000) [MONGOOSE] Warning: Duplicate schema index on {"rmaNumber":1} found. This is often due to declaring an index using both "index: true" and "schema.index()". Please remove the duplicate index definition.
(node:8000) [MONGOOSE] Warning: Duplicate schema index on {"code":1} found. This is often due to declaring an index using both "index: true" and "schema.index()". Please remove the duplicate index definition.
🚀 LANForge API running on port 5001 in production mode
✅ MongoDB connected: ac-nvizt0b-shard-00-00.u9lcgej.mongodb.net
[GoogleMerchant] Auto-generating XML feed...
✅ MongoDB connected: ac-nvizt0b-shard-00-00.u9lcgej.mongodb.net
Generated XML at /Users/damian/Desktop/LANForge-Final/ui/public/google-merchant.xml
Generated XML at /Users/damian/Desktop/LANForge-Final/ui/build/google-merchant.xml
[GoogleMerchant] XML feed generated successfully.
[Scraper] Successfully updated NZXT C1200 Gold: New Cost: $169.99, New Price: $186.99
[Scraper] Successfully updated Thermalright Peerless Assassin 120 SE: New Cost: $33.06, New Price: $36.99
[Scraper] Synchronized 2 products with new part cost.
⚠️  MongoDB disconnected
✅ MongoDB reconnected
Error: Not allowed by CORS
    at origin (/Users/damian/Desktop/LANForge-Final/api/dist/index.js:96:22)
    at /Users/damian/Desktop/LANForge-Final/api/node_modules/cors/lib/index.js:219:13
    at optionsCallback (/Users/damian/Desktop/LANForge-Final/api/node_modules/cors/lib/index.js:199:9)
    at corsMiddleware (/Users/damian/Desktop/LANForge-Final/api/node_modules/cors/lib/index.js:204:7)
    at Layer.handle [as handle_request] (/Users/damian/Desktop/LANForge-Final/api/node_modules/express/lib/router/layer.js:95:5)
    at trim_prefix (/Users/damian/Desktop/LANForge-Final/api/node_modules/express/lib/router/index.js:328:13)
    at /Users/damian/Desktop/LANForge-Final/api/node_modules/express/lib/router/index.js:286:9
    at Function.process_params (/Users/damian/Desktop/LANForge-Final/api/node_modules/express/lib/router/index.js:346:12)
    at next (/Users/damian/Desktop/LANForge-Final/api/node_modules/express/lib/router/index.js:280:10)
    at internalNext (/Users/damian/Desktop/LANForge-Final/api/node_modules/helmet/index.cjs:537:6)
Error: Not allowed by CORS
    at origin (/Users/damian/Desktop/LANForge-Final/api/dist/index.js:96:22)
    at /Users/damian/Desktop/LANForge-Final/api/node_modules/cors/lib/index.js:219:13
    at optionsCallback (/Users/damian/Desktop/LANForge-Final/api/node_modules/cors/lib/index.js:199:9)
    at corsMiddleware (/Users/damian/Desktop/LANForge-Final/api/node_modules/cors/lib/index.js:204:7)
    at Layer.handle [as handle_request] (/Users/damian/Desktop/LANForge-Final/api/node_modules/express/lib/router/layer.js:95:5)
    at trim_prefix (/Users/damian/Desktop/LANForge-Final/api/node_modules/express/lib/router/index.js:328:13)
    at /Users/damian/Desktop/LANForge-Final/api/node_modules/express/lib/router/index.js:286:9
    at Function.process_params (/Users/damian/Desktop/LANForge-Final/api/node_modules/express/lib/router/index.js:346:12)
    at next (/Users/damian/Desktop/LANForge-Final/api/node_modules/express/lib/router/index.js:280:10)
    at internalNext (/Users/damian/Desktop/LANForge-Final/api/node_modules/helmet/index.cjs:537:6)
Error: Not allowed by CORS
    at origin (/Users/damian/Desktop/LANForge-Final/api/dist/index.js:96:22)
    at /Users/damian/Desktop/LANForge-Final/api/node_modules/cors/lib/index.js:219:13
    at optionsCallback (/Users/damian/Desktop/LANForge-Final/api/node_modules/cors/lib/index.js:199:9)
    at corsMiddleware (/Users/damian/Desktop/LANForge-Final/api/node_modules/cors/lib/index.js:204:7)
    at Layer.handle [as handle_request] (/Users/damian/Desktop/LANForge-Final/api/node_modules/express/lib/router/layer.js:95:5)
    at trim_prefix (/Users/damian/Desktop/LANForge-Final/api/node_modules/express/lib/router/index.js:328:13)
    at /Users/damian/Desktop/LANForge-Final/api/node_modules/express/lib/router/index.js:286:9
    at Function.process_params (/Users/damian/Desktop/LANForge-Final/api/node_modules/express/lib/router/index.js:346:12)
    at next (/Users/damian/Desktop/LANForge-Final/api/node_modules/express/lib/router/index.js:280:10)
    at internalNext (/Users/damian/Desktop/LANForge-Final/api/node_modules/helmet/index.cjs:537:6)
Error: Not allowed by CORS
    at origin (/Users/damian/Desktop/LANForge-Final/api/dist/index.js:96:22)
    at /Users/damian/Desktop/LANForge-Final/api/node_modules/cors/lib/index.js:219:13
    at optionsCallback (/Users/damian/Desktop/LANForge-Final/api/node_modules/cors/lib/index.js:199:9)
    at corsMiddleware (/Users/damian/Desktop/LANForge-Final/api/node_modules/cors/lib/index.js:204:7)
    at Layer.handle [as handle_request] (/Users/damian/Desktop/LANForge-Final/api/node_modules/express/lib/router/layer.js:95:5)
    at trim_prefix (/Users/damian/Desktop/LANForge-Final/api/node_modules/express/lib/router/index.js:328:13)
    at /Users/damian/Desktop/LANForge-Final/api/node_modules/express/lib/router/index.js:286:9
    at Function.process_params (/Users/damian/Desktop/LANForge-Final/api/node_modules/express/lib/router/index.js:346:12)
    at next (/Users/damian/Desktop/LANForge-Final/api/node_modules/express/lib/router/index.js:280:10)
    at internalNext (/Users/damian/Desktop/LANForge-Final/api/node_modules/helmet/index.cjs:537:6)
